<?xml version="1.0" encoding="UTF-8"?>
<testsuite name="com.apm.business.aws.test.OperationsBeanAWSTest" tests="3" skipped="3" failures="0" errors="0" timestamp="2020-07-20T17:56:36" hostname="CAW1PF16H7PB" time="0.002">
  <properties/>
  <testcase name="validateToolkitDataProvider" classname="com.apm.business.aws.test.OperationsBeanAWSTest" time="0.0">
    <skipped/>
  </testcase>
  <testcase name="validateHandleCategoryNodeLookup" classname="com.apm.business.aws.test.OperationsBeanAWSTest" time="0.0">
    <skipped/>
  </testcase>
  <testcase name="validateGetRootDepartments" classname="com.apm.business.aws.test.OperationsBeanAWSTest" time="0.0">
    <skipped/>
  </testcase>
  <system-out><![CDATA[]]></system-out>
  <system-err><![CDATA[]]></system-err>
</testsuite>
